<?xml version="1.0" encoding="UTF-8"?>
<!-- Generated by org.testng.reporters.JUnitReportReporter -->
<testsuite skipped="0" hostname="LAPTOP-3PDRT1OR" name="dataprovider.NewTest" tests="2" failures="0" timestamp="2019-10-18T11:22:43 IST" time="0.016" errors="0">
  <testcase name="f" time="0.016" classname="dataprovider.NewTest"/>
  <testcase name="f" time="0.000" classname="dataprovider.NewTest"/>
</testsuite> <!-- dataprovider.NewTest -->
