<?xml version="1.0" encoding="UTF-8"?>
<!-- Generated by org.testng.reporters.JUnitReportReporter -->
<testsuite skipped="0" hostname="LAPTOP-3PDRT1OR" name="datadrivenscenarios.DialoguealertTest" tests="1" failures="0" timestamp="2019-10-19T12:02:45 IST" time="2.271" errors="0">
  <testcase name="alertTest" time="2.271" classname="datadrivenscenarios.DialoguealertTest"/>
</testsuite> <!-- datadrivenscenarios.DialoguealertTest -->
