<?xml version="1.0" encoding="UTF-8"?>
<!-- Generated by org.testng.reporters.JUnitReportReporter -->
<testsuite skipped="0" hostname="LAPTOP-3PDRT1OR" name="datadrivenscenarios.IciciActionsTest" tests="1" failures="0" timestamp="2019-10-20T18:53:40 IST" time="10.895" errors="0">
  <testcase name="mousehovering" time="10.895" classname="datadrivenscenarios.IciciActionsTest"/>
</testsuite> <!-- datadrivenscenarios.IciciActionsTest -->
