<?xml version="1.0" encoding="UTF-8"?>
<!-- Generated by org.testng.reporters.JUnitReportReporter -->
<testsuite skipped="0" hostname="LAPTOP-3PDRT1OR" name="testng.screenshotTest" tests="1" failures="0" timestamp="2019-10-29T14:59:00 IST" time="22.843" errors="0">
  <testcase name="screenshots" time="22.843" classname="testng.screenshotTest"/>
</testsuite> <!-- testng.screenshotTest -->
