<?xml version="1.0" encoding="UTF-8"?>
<!-- Generated by org.testng.reporters.JUnitReportReporter -->
<testsuite skipped="0" hostname="LAPTOP-3PDRT1OR" name="testng.IEbrowserTest" tests="1" failures="0" timestamp="2019-11-01T10:07:30 IST" time="38.933" errors="0">
  <testcase name="frames" time="38.933" classname="testng.IEbrowserTest"/>
</testsuite> <!-- testng.IEbrowserTest -->
