<?xml version="1.0" encoding="UTF-8"?>
<!-- Generated by org.testng.reporters.JUnitReportReporter -->
<testsuite skipped="0" hostname="LAPTOP-3PDRT1OR" name="testng.WaitcommandsTest" tests="1" failures="0" timestamp="2019-10-24T23:34:40 IST" time="18.148" errors="0">
  <testcase name="Wait" time="18.148" classname="testng.WaitcommandsTest"/>
</testsuite> <!-- testng.WaitcommandsTest -->
